<?xml version="1.0" encoding="UTF-8"?>
<!-- Generated by org.testng.reporters.JUnitReportReporter -->
<testsuite skipped="0" hostname="ip-172-31-72-37" name="test.Testcase1" tests="2" failures="0" timestamp="2021-06-19T07:06:32 UTC" time="0.015" errors="0">
  <testcase name="SignUpTest" time="0.008" classname="test.Testcase1"/>
  <system-out/>
  <testcase name="RandomName" time="0.007" classname="test.Testcase1"/>
  <system-out/>
</testsuite> <!-- test.Testcase1 -->
