<?xml version="1.0" encoding="UTF-8"?>
<!-- Generated by org.testng.reporters.JUnitReportReporter -->
<testsuite skipped="1" hostname="ip-172-31-72-37" name="test.LoginTest" tests="2" failures="0" timestamp="2021-06-26T05:52:14 UTC" time="6.300" errors="0">
  <testcase name="LoginTestcase2" time="6.300" classname="test.LoginTest"/>
  <system-out/>
  <testcase name="LoginTestcase" classname="test.LoginTest">
    <skipped/>
  </testcase> <!-- LoginTestcase -->
  <system-out/>
</testsuite> <!-- test.LoginTest -->
