<?xml version="1.0" encoding="UTF-8"?>
<!-- Generated by org.testng.reporters.JUnitReportReporter -->
<testsuite skipped="0" hostname="ip-172-31-72-37" name="test.Testcase2" tests="1" failures="0" timestamp="2021-06-19T07:06:32 UTC" time="0.001" errors="0">
  <testcase name="HomePageTest" time="0.001" classname="test.Testcase2"/>
  <system-out/>
</testsuite> <!-- test.Testcase2 -->
